<?xml version="1.0" encoding="UTF-8"?>
<testng-results ignored="0" total="1" passed="0" failed="1" skipped="0">
  <reporter-output>
  </reporter-output>
  <suite started-at="2023-03-26T16:16:26 EDT" name="Default suite" finished-at="2023-03-26T16:16:55 EDT" duration-ms="29564">
    <groups>
    </groups>
    <test started-at="2023-03-26T16:16:26 EDT" name="Default test" finished-at="2023-03-26T16:16:55 EDT" duration-ms="29564">
      <class name="com.pdf.selenium.tests.PdfNewTab">
        <test-method is-config="true" signature="setup()[pri:0, instance:com.pdf.selenium.tests.PdfNewTab@273e7444]" started-at="2023-03-26T16:16:26 EDT" name="setup" finished-at="2023-03-26T16:16:55 EDT" duration-ms="29082" status="PASS">
          <reporter-output>
          </reporter-output>
        </test-method> <!-- setup -->
        <test-method signature="pdfInsameBrowserTest()[pri:0, instance:com.pdf.selenium.tests.PdfNewTab@273e7444]" started-at="2023-03-26T16:16:55 EDT" name="pdfInsameBrowserTest" finished-at="2023-03-26T16:16:55 EDT" duration-ms="284" status="FAIL">
          <exception class="org.openqa.selenium.NoSuchElementException">
            <message>
              <![CDATA[no such element: Unable to locate element: {"method":"xpath","selector":"//h3[contains(text(),'Fixed Deposit Interest Rate Greater Than Or Equal To 5 Cr')]"}
  (Session info: chrome=111.0.5563.110)
For documentation on this error, please visit: https://selenium.dev/exceptions/#no_such_element
Build info: version: '4.8.1', revision: '8ebccac989'
System info: os.name: 'Mac OS X', os.arch: 'x86_64', os.version: '11.4', java.version: '16.0.2'
Driver info: org.openqa.selenium.chrome.ChromeDriver
Command: [0a415b8f46444636b887abe398d4eda3, findElement {using=xpath, value=//h3[contains(text(),'Fixed Deposit Interest Rate Greater Than Or Equal To 5 Cr')]}]
Capabilities {acceptInsecureCerts: false, browserName: chrome, browserVersion: 111.0.5563.110, chrome: {chromedriverVersion: 111.0.5563.64 (c710e93d5b63..., userDataDir: /var/folders/ln/p_xbx2sd667...}, goog:chromeOptions: {debuggerAddress: localhost:64961}, networkConnectionEnabled: false, pageLoadStrategy: normal, platformName: MAC, proxy: Proxy(), se:cdp: ws://localhost:64961/devtoo..., se:cdpVersion: 111.0.5563.110, setWindowRect: true, strictFileInteractability: false, timeouts: {implicit: 0, pageLoad: 300000, script: 30000}, unhandledPromptBehavior: dismiss and notify, webauthn:extension:credBlob: true, webauthn:extension:largeBlob: true, webauthn:extension:minPinLength: true, webauthn:extension:prf: true, webauthn:virtualAuthenticators: true}
Session ID: 0a415b8f46444636b887abe398d4eda3]]>
            </message>
            <full-stacktrace>
              <![CDATA[org.openqa.selenium.NoSuchElementException: no such element: Unable to locate element: {"method":"xpath","selector":"//h3[contains(text(),'Fixed Deposit Interest Rate Greater Than Or Equal To 5 Cr')]"}
  (Session info: chrome=111.0.5563.110)
For documentation on this error, please visit: https://selenium.dev/exceptions/#no_such_element
Build info: version: '4.8.1', revision: '8ebccac989'
System info: os.name: 'Mac OS X', os.arch: 'x86_64', os.version: '11.4', java.version: '16.0.2'
Driver info: org.openqa.selenium.chrome.ChromeDriver
Command: [0a415b8f46444636b887abe398d4eda3, findElement {using=xpath, value=//h3[contains(text(),'Fixed Deposit Interest Rate Greater Than Or Equal To 5 Cr')]}]
Capabilities {acceptInsecureCerts: false, browserName: chrome, browserVersion: 111.0.5563.110, chrome: {chromedriverVersion: 111.0.5563.64 (c710e93d5b63..., userDataDir: /var/folders/ln/p_xbx2sd667...}, goog:chromeOptions: {debuggerAddress: localhost:64961}, networkConnectionEnabled: false, pageLoadStrategy: normal, platformName: MAC, proxy: Proxy(), se:cdp: ws://localhost:64961/devtoo..., se:cdpVersion: 111.0.5563.110, setWindowRect: true, strictFileInteractability: false, timeouts: {implicit: 0, pageLoad: 300000, script: 30000}, unhandledPromptBehavior: dismiss and notify, webauthn:extension:credBlob: true, webauthn:extension:largeBlob: true, webauthn:extension:minPinLength: true, webauthn:extension:prf: true, webauthn:virtualAuthenticators: true}
Session ID: 0a415b8f46444636b887abe398d4eda3
at java.base/jdk.internal.reflect.NativeConstructorAccessorImpl.newInstance0(Native Method)
at java.base/jdk.internal.reflect.NativeConstructorAccessorImpl.newInstance(NativeConstructorAccessorImpl.java:78)
at java.base/jdk.internal.reflect.DelegatingConstructorAccessorImpl.newInstance(DelegatingConstructorAccessorImpl.java:45)
at java.base/java.lang.reflect.Constructor.newInstanceWithCaller(Constructor.java:499)
at java.base/java.lang.reflect.Constructor.newInstance(Constructor.java:480)
at org.openqa.selenium.remote.codec.w3c.W3CHttpResponseCodec.createException(W3CHttpResponseCodec.java:200)
at org.openqa.selenium.remote.codec.w3c.W3CHttpResponseCodec.decode(W3CHttpResponseCodec.java:133)
at org.openqa.selenium.remote.codec.w3c.W3CHttpResponseCodec.decode(W3CHttpResponseCodec.java:53)
at org.openqa.selenium.remote.HttpCommandExecutor.execute(HttpCommandExecutor.java:184)
at org.openqa.selenium.remote.service.DriverCommandExecutor.invokeExecute(DriverCommandExecutor.java:167)
at org.openqa.selenium.remote.service.DriverCommandExecutor.execute(DriverCommandExecutor.java:142)
at org.openqa.selenium.remote.RemoteWebDriver.execute(RemoteWebDriver.java:543)
at org.openqa.selenium.remote.ElementLocation$ElementFinder$2.findElement(ElementLocation.java:162)
at org.openqa.selenium.remote.ElementLocation.findElement(ElementLocation.java:60)
at org.openqa.selenium.remote.RemoteWebDriver.findElement(RemoteWebDriver.java:352)
at org.openqa.selenium.remote.RemoteWebDriver.findElement(RemoteWebDriver.java:344)
at com.pdf.selenium.tests.PdfNewTab.pdfInsameBrowserTest(PdfNewTab.java:41)
at java.base/jdk.internal.reflect.NativeMethodAccessorImpl.invoke0(Native Method)
at java.base/jdk.internal.reflect.NativeMethodAccessorImpl.invoke(NativeMethodAccessorImpl.java:78)
at java.base/jdk.internal.reflect.DelegatingMethodAccessorImpl.invoke(DelegatingMethodAccessorImpl.java:43)
at java.base/java.lang.reflect.Method.invoke(Method.java:567)
at org.testng.internal.invokers.MethodInvocationHelper.invokeMethod(MethodInvocationHelper.java:139)
at org.testng.internal.invokers.TestInvoker.invokeMethod(TestInvoker.java:677)
at org.testng.internal.invokers.TestInvoker.invokeTestMethod(TestInvoker.java:221)
at org.testng.internal.invokers.MethodRunner.runInSequence(MethodRunner.java:50)
at org.testng.internal.invokers.TestInvoker$MethodInvocationAgent.invoke(TestInvoker.java:962)
at org.testng.internal.invokers.TestInvoker.invokeTestMethods(TestInvoker.java:194)
at org.testng.internal.invokers.TestMethodWorker.invokeTestMethods(TestMethodWorker.java:148)
at org.testng.internal.invokers.TestMethodWorker.run(TestMethodWorker.java:128)
at java.base/java.util.ArrayList.forEach(ArrayList.java:1511)
at org.testng.TestRunner.privateRun(TestRunner.java:806)
at org.testng.TestRunner.run(TestRunner.java:601)
at org.testng.SuiteRunner.runTest(SuiteRunner.java:433)
at org.testng.SuiteRunner.runSequentially(SuiteRunner.java:427)
at org.testng.SuiteRunner.privateRun(SuiteRunner.java:387)
at org.testng.SuiteRunner.run(SuiteRunner.java:330)
at org.testng.SuiteRunnerWorker.runSuite(SuiteRunnerWorker.java:52)
at org.testng.SuiteRunnerWorker.run(SuiteRunnerWorker.java:95)
at org.testng.TestNG.runSuitesSequentially(TestNG.java:1256)
at org.testng.TestNG.runSuitesLocally(TestNG.java:1176)
at org.testng.TestNG.runSuites(TestNG.java:1099)
at org.testng.TestNG.run(TestNG.java:1067)
at org.testng.remote.AbstractRemoteTestNG.run(AbstractRemoteTestNG.java:115)
at org.testng.remote.RemoteTestNG.initAndRun(RemoteTestNG.java:251)
at org.testng.remote.RemoteTestNG.main(RemoteTestNG.java:77)
]]>
            </full-stacktrace>
          </exception> <!-- org.openqa.selenium.NoSuchElementException -->
          <reporter-output>
          </reporter-output>
        </test-method> <!-- pdfInsameBrowserTest -->
        <test-method is-config="true" signature="tearDown()[pri:0, instance:com.pdf.selenium.tests.PdfNewTab@273e7444]" started-at="2023-03-26T16:16:55 EDT" name="tearDown" finished-at="2023-03-26T16:16:55 EDT" duration-ms="117" status="PASS">
          <reporter-output>
          </reporter-output>
        </test-method> <!-- tearDown -->
      </class> <!-- com.pdf.selenium.tests.PdfNewTab -->
    </test> <!-- Default test -->
  </suite> <!-- Default suite -->
</testng-results>
